usage: benchmark_tabdpt_dynamic.py [-h] --root ROOT --out-dir OUT_DIR
                                   [--all-out ALL_OUT]
                                   [--summary-txt SUMMARY_TXT]
                                   [--workers WORKERS] [--gpus GPUS]
                                   [--hf-repo HF_REPO]
                                   [--hf-filename HF_FILENAME]
                                   [--revision REVISION]
                                   [--cache-dir CACHE_DIR] [--device DEVICE]
                                   [--inf-batch-size INF_BATCH_SIZE]
                                   [--normalizer NORMALIZER]
                                   [--missing-indicators]
                                   [--clip-sigma CLIP_SIGMA]
                                   [--feature-reduction {pca,subsample}]
                                   [--faiss-metric {l2,ip}] [--use-flash]
                                   [--compile] [--n-ensembles N_ENSEMBLES]
                                   [--temperature TEMPERATURE]
                                   [--context-size CONTEXT_SIZE]
                                   [--permute-classes] [--seed SEED]
                                   [--verbose]
benchmark_tabdpt_dynamic.py: error: the following arguments are required: --root, --out-dir
